<?xml version="1.0" encoding="UTF-8"?>
<!-- Generated by org.testng.reporters.JUnitReportReporter -->
<testsuite hostname="Adityas-MacBook-Pro.local" failures="0" tests="1" name="tests.LoginTest" time="0.000" errors="0" timestamp="2025-05-06T10:44:49 IST" skipped="1">
  <testcase classname="tests.LoginTest" name="loginFailureTest" time="0.000">
    <skipped/>
  </testcase> <!-- loginFailureTest -->
  <system-out/>
</testsuite> <!-- tests.LoginTest -->
